<?xml version="1.0" encoding="UTF-8"?>
<!-- Generated by org.testng.reporters.JUnitXMLReporter -->
<testsuite ignored="1" hostname="Sayed-Sadat" failures="0" tests="4" name="Test" time="61.398" errors="0" timestamp="2022-11-20T09:51:24 PST">
  <testcase classname="tests.TestCase_1" name="loginAccount" time="30.161"/>
  <testcase classname="tests.TestCase_2" name="bGetTitle" time="0.055"/>
  <testcase classname="tests.TestCase_2" name="clickElement" time="2.21"/>
  <testcase classname="tests.TestCase_2" name="aTestCase" time="17.626"/>
  <testcase classname="tests.TestCase_2" name="dSearchBttn" time="0.0">
    <ignored/>
  </testcase> <!-- dSearchBttn -->
</testsuite> <!-- Test -->
