<?xml version="1.0" encoding="UTF-8"?>
<!-- Generated by org.testng.reporters.JUnitXMLReporter -->
<testsuite ignored="0" hostname="Sayed-Sadat" failures="0" tests="4" name="Default test" time="2.84" errors="0" timestamp="2022-11-21T14:45:34 PST">
  <testcase classname="tests.TC_15_TestDependency" name="testMethod1" time="0.013"/>
  <testcase classname="tests.TC_15_TestDependency" name="testMethod2" time="0.002"/>
  <testcase classname="tests.TC_15_TestDependency" name="testMethod3" time="0.005"/>
  <testcase classname="tests.TC_15_TestDependency" name="testMethod4" time="0.005"/>
</testsuite> <!-- Default test -->
