<?xml version="1.0" encoding="UTF-8"?>
<!-- Generated by org.testng.reporters.JUnitXMLReporter -->
<testsuite ignored="2" hostname="Sayed-Sadat" failures="0" tests="1" name="TestCase_4_Groups" time="0.064" errors="0" timestamp="2022-11-19T08:25:51 PST">
  <testcase classname="tests.TestCase_4_Groups" name="testMethod3" time="0.012"/>
  <testcase classname="tests.TestCase_4_Groups" name="testMethod1" time="0.0">
    <ignored/>
  </testcase> <!-- testMethod1 -->
  <testcase classname="tests.TestCase_4_Groups" name="testMethod2" time="0.0">
    <ignored/>
  </testcase> <!-- testMethod2 -->
</testsuite> <!-- TestCase_4_Groups -->
