<?xml version="1.0" encoding="UTF-8"?>
<!-- Generated by org.testng.reporters.JUnitXMLReporter -->
<testsuite ignored="4" hostname="Sayed-Sadat" failures="0" tests="6" name="Test" time="116.429" errors="0" timestamp="2022-11-20T10:09:29 PST">
  <testcase classname="tests.TestCase_1" name="loginAccount" time="30.283"/>
  <testcase classname="tests.TestCase_3" name="createAccount" time="12.695"/>
  <testcase classname="tests.TestCase_2" name="bGetTitle" time="0.02"/>
  <testcase classname="tests.TestCase_2" name="clickElement" time="1.943"/>
  <testcase classname="tests.TestCase_2" name="aTestCase" time="17.744"/>
  <testcase classname="tests.TestCase_4_Groups" name="testMethod1" time="0.002"/>
  <testcase classname="tests.TestCase_4_Groups" name="testMethod3" time="0.0">
    <ignored/>
  </testcase> <!-- testMethod3 -->
  <testcase classname="tests.TestCase_4_Groups" name="testMethod4" time="0.0">
    <ignored/>
  </testcase> <!-- testMethod4 -->
  <testcase classname="tests.TestCase_4_Groups" name="testMethod2" time="0.0">
    <ignored/>
  </testcase> <!-- testMethod2 -->
  <testcase classname="tests.TestCase_2" name="dSearchBttn" time="0.0">
    <ignored/>
  </testcase> <!-- dSearchBttn -->
</testsuite> <!-- Test -->
