<?xml version="1.0" encoding="UTF-8"?>
<!-- Generated by org.testng.reporters.JUnitXMLReporter -->
<testsuite ignored="0" hostname="Sayed-Sadat" failures="0" tests="4" name="GRP-smokeTests" time="7.299" errors="0" timestamp="2022-11-20T08:34:16 PST">
  <testcase classname="tests.TestCase_4_Groups" name="testMethod1" time="0.009"/>
  <testcase classname="tests.TestCase_4_Groups" name="testMethod2" time="0.011"/>
  <testcase classname="tests.TestCase_4_Groups" name="testMethod3" time="0.002"/>
  <testcase classname="tests.TestCase_4_Groups" name="testMethod4" time="0.002"/>
</testsuite> <!-- GRP-smokeTests -->
