<?xml version="1.0" encoding="UTF-8"?>
<!-- Generated by org.testng.reporters.JUnitXMLReporter -->
<testsuite ignored="3" hostname="Sayed-Sadat" failures="0" tests="1" name="GRP-integration" time="0.075" errors="0" timestamp="2022-11-20T08:31:21 PST">
  <testcase classname="tests.TestCase_4_Groups" name="testMethod4" time="0.017"/>
  <testcase classname="tests.TestCase_4_Groups" name="testMethod1" time="0.0">
    <ignored/>
  </testcase> <!-- testMethod1 -->
  <testcase classname="tests.TestCase_4_Groups" name="testMethod3" time="0.0">
    <ignored/>
  </testcase> <!-- testMethod3 -->
  <testcase classname="tests.TestCase_4_Groups" name="testMethod2" time="0.0">
    <ignored/>
  </testcase> <!-- testMethod2 -->
</testsuite> <!-- GRP-integration -->
