<?xml version="1.0" encoding="UTF-8"?>
<!-- Generated by org.testng.reporters.JUnitXMLReporter -->
<testsuite ignored="0" hostname="Sayed-Sadat" failures="0" tests="3" name="GRP-functest" time="0.098" errors="0" timestamp="2022-11-20T08:29:02 PST">
  <testcase classname="tests.TestCase_4_Groups" name="testMethod1" time="0.013"/>
  <testcase classname="tests.TestCase_4_Groups" name="testMethod2" time="0.002"/>
  <testcase classname="tests.TestCase_4_Groups" name="testMethod3" time="0.004"/>
</testsuite> <!-- GRP-functest -->
