<?xml version="1.0" encoding="UTF-8"?>
<!-- Generated by org.testng.reporters.JUnitXMLReporter -->
<testsuite ignored="2" hostname="Sayed-Sadat" failures="0" tests="2" name="GRP-Regression" time="0.083" errors="0" timestamp="2022-11-20T08:32:01 PST">
  <testcase classname="tests.TestCase_4_Groups" name="testMethod1" time="0.016"/>
  <testcase classname="tests.TestCase_4_Groups" name="testMethod2" time="0.006"/>
  <testcase classname="tests.TestCase_4_Groups" name="testMethod3" time="0.0">
    <ignored/>
  </testcase> <!-- testMethod3 -->
  <testcase classname="tests.TestCase_4_Groups" name="testMethod4" time="0.0">
    <ignored/>
  </testcase> <!-- testMethod4 -->
</testsuite> <!-- GRP-Regression -->
