<?xml version="1.0" encoding="UTF-8"?>
<!-- Generated by org.testng.reporters.JUnitXMLReporter -->
<testsuite ignored="1" hostname="Sayed-Sadat" failures="0" tests="7" name="Test" time="25.694" errors="0" timestamp="2022-11-20T09:50:23 PST">
  <testcase classname="tests.TestCase_4_Groups" name="@AfterTest afterTest" time="0.007">
    <failure type="java.lang.NullPointerException" message="Cannot invoke &amp;quot;org.openqa.selenium.WebDriver.close()&amp;quot; because &amp;quot;this.driver&amp;quot; is null">
      <![CDATA[java.lang.NullPointerException: Cannot invoke "org.openqa.selenium.WebDriver.close()" because "this.driver" is null
at tests.TestCase_4_Groups.afterTest(TestCase_4_Groups.java:66)
... Removed 23 stack frames]]>
    </failure>
  </testcase> <!-- @AfterTest afterTest -->
  <testcase classname="tests.TestCase_2" name="bGetTitle" time="0.029"/>
  <testcase classname="tests.TestCase_2" name="clickElement" time="1.953"/>
  <testcase classname="tests.TestCase_2" name="aTestCase" time="17.716"/>
  <testcase classname="tests.TestCase_4_Groups" name="testMethod1" time="0.001"/>
  <testcase classname="tests.TestCase_4_Groups" name="testMethod2" time="0.005"/>
  <testcase classname="tests.TestCase_4_Groups" name="testMethod3" time="0.004"/>
  <testcase classname="tests.TestCase_4_Groups" name="testMethod4" time="0.002"/>
  <testcase classname="tests.TestCase_2" name="dSearchBttn" time="0.0">
    <ignored/>
  </testcase> <!-- dSearchBttn -->
</testsuite> <!-- Test -->
